#! /usr/local/Cellar/icarus-verilog/11.0/bin/vvp
:ivl_version "11.0 (stable)";
:ivl_delay_selection "TYPICAL";
:vpi_time_precision + 0;
:vpi_module "/usr/local/Cellar/icarus-verilog/11.0/lib/ivl/system.vpi";
:vpi_module "/usr/local/Cellar/icarus-verilog/11.0/lib/ivl/vhdl_sys.vpi";
:vpi_module "/usr/local/Cellar/icarus-verilog/11.0/lib/ivl/vhdl_textio.vpi";
:vpi_module "/usr/local/Cellar/icarus-verilog/11.0/lib/ivl/v2005_math.vpi";
:vpi_module "/usr/local/Cellar/icarus-verilog/11.0/lib/ivl/va_math.vpi";
S_0x7f96119056e0 .scope module, "a21_jiyukadai01" "a21_jiyukadai01" 2 1;
 .timescale 0 0;
    .port_info 0 /INPUT 1 "CLK";
    .port_info 1 /INPUT 1 "RSTn";
    .port_info 2 /INPUT 1 "PUSH";
o0x7f9608008008 .functor BUFZ 1, C4<z>; HiZ drive
v0x7f96119058a0_0 .net "CLK", 0 0, o0x7f9608008008;  0 drivers
o0x7f9608008038 .functor BUFZ 1, C4<z>; HiZ drive
v0x7f96119158c0_0 .net "PUSH", 0 0, o0x7f9608008038;  0 drivers
o0x7f9608008068 .functor BUFZ 1, C4<z>; HiZ drive
v0x7f9611915960_0 .net "RSTn", 0 0, o0x7f9608008068;  0 drivers
# The file index is used to find the file name in the following table.
:file_names 3;
    "N/A";
    "<interactive>";
    "a21_jiyukadai01.v";
